<?xml version="1.0" encoding="utf-8"?><testsuites name="pytest tests"><testsuite name="pytest" errors="0" failures="0" skipped="0" tests="15" time="2.306" timestamp="2026-03-14T23:55:53.909388+00:00" hostname="agent-env-995b23f1-a71d-4520-bd36-41ff87cd6624"><testcase classname="backend.tests.test_admin_crud.TestGetPizzerias" name="test_get_all_pizzerias" time="0.400" /><testcase classname="backend.tests.test_admin_crud.TestGetPizzerias" name="test_pizzeria_has_required_fields" time="0.126" /><testcase classname="backend.tests.test_admin_crud.TestGetPizzerias" name="test_filter_by_style_neapolitan" time="0.079" /><testcase classname="backend.tests.test_admin_crud.TestGetPizzerias" name="test_filter_by_style_roman" time="0.073" /><testcase classname="backend.tests.test_admin_crud.TestCreatePizzeria" name="test_create_new_pizzeria" time="0.194" /><testcase classname="backend.tests.test_admin_crud.TestCreatePizzeria" name="test_idempotent_create_updates_existing" time="0.207" /><testcase classname="backend.tests.test_admin_crud.TestCreatePizzeria" name="test_create_requires_name" time="0.067" /><testcase classname="backend.tests.test_admin_crud.TestCreatePizzeria" name="test_create_requires_address" time="0.062" /><testcase classname="backend.tests.test_admin_crud.TestUpdatePizzeria" name="test_update_pizzeria" time="0.294" /><testcase classname="backend.tests.test_admin_crud.TestUpdatePizzeria" name="test_update_nonexistent_pizzeria" time="0.070" /><testcase classname="backend.tests.test_admin_crud.TestDeletePizzeria" name="test_delete_pizzeria" time="0.195" /><testcase classname="backend.tests.test_admin_crud.TestDeletePizzeria" name="test_delete_nonexistent_pizzeria" time="0.065" /><testcase classname="backend.tests.test_admin_crud.TestGetSinglePizzeria" name="test_get_single_pizzeria" time="0.148" /><testcase classname="backend.tests.test_admin_crud.TestGetSinglePizzeria" name="test_get_nonexistent_pizzeria" time="0.063" /><testcase classname="backend.tests.test_admin_crud.TestCleanup" name="test_cleanup_test_pizzerias" time="0.073" /></testsuite></testsuites>